
Showing logs for build [32mcb-kubecd-environment-pr-213-17-b2jv7-1[0m stage [32mfrom-build-pack[0m and container [32mstep-credential-initializer-zgwr6[0m
{"level":"info","ts":1588473503.435925,"logger":"fallback-logger","caller":"logging/config.go:69","msg":"Fetch GitHub commit ID from kodata failed: open /var/run/ko/refs/heads/0.8.0-ns-support: no such file or directory"}
{"level":"info","ts":1588473503.436398,"logger":"fallback-logger","caller":"creds-init/main.go:40","msg":"Credentials initialized."}

Showing logs for build [32mcb-kubecd-environment-pr-213-17-b2jv7-1[0m stage [32mfrom-build-pack[0m and container [32mstep-working-dir-initializer-h5jrl[0m
{"level":"info","ts":1588473504.2288218,"logger":"fallback-logger","caller":"logging/config.go:69","msg":"Fetch GitHub commit ID from kodata failed: open /var/run/ko/HEAD: no such file or directory"}
{"level":"info","ts":1588473504.2300913,"logger":"fallback-logger","caller":"bash/main.go:64","msg":"Successfully executed command \"sh -c mkdir -p /workspace/source\"; output "}

Showing logs for build [32mcb-kubecd-environment-pr-213-17-b2jv7-1[0m stage [32mfrom-build-pack[0m and container [32mstep-place-tools[0m

Showing logs for build [32mcb-kubecd-environment-pr-213-17-b2jv7-1[0m stage [32mfrom-build-pack[0m and container [32mstep-git-source-cb-kubecd-environment-pr-213-17-b2jv7-w4xk2[0m
{"level":"info","ts":1588473508.4016702,"logger":"fallback-logger","caller":"logging/config.go:69","msg":"Fetch GitHub commit ID from kodata failed: open /var/run/ko/refs/heads/0.8.0-ns-support: no such file or directory"}
{"level":"info","ts":1588473509.4374132,"logger":"fallback-logger","caller":"git/git.go:103","msg":"Successfully cloned https://github.com/cb-kubecd/environment-pr-213-17-boot-gke-production.git @ master in path /workspace/source"}

Showing logs for build [32mcb-kubecd-environment-pr-213-17-b2jv7-1[0m stage [32mfrom-build-pack[0m and container [32mstep-git-merge[0m
Using SHAs from PULL_REFS=master:e1a23d766fc9e17c46da50c0cbee464e27cb3bac,1:c8715a1f898f42c4e5e858de2d92fcaa8098b0a5
DEBUG: LC_ALL=C JX_LOG_LEVEL=error git fetch origin --unshallow c8715a1f898f42c4e5e858de2d92fcaa8098b0a5: e1a23d766fc9e17c46da50c0cbee464e27cb3bac:
DEBUG: ran git fetch --unshallow origin c8715a1f898f42c4e5e858de2d92fcaa8098b0a5: e1a23d766fc9e17c46da50c0cbee464e27cb3bac: in 
DEBUG: JX_LOG_LEVEL=error LC_ALL=C git branch
DEBUG: LC_ALL=C JX_LOG_LEVEL=error git checkout master
DEBUG: ran git checkout master in 
DEBUG: LC_ALL=C JX_LOG_LEVEL=error git reset --hard e1a23d766fc9e17c46da50c0cbee464e27cb3bac
DEBUG: ran git reset --hard e1a23d766fc9e17c46da50c0cbee464e27cb3bac in 
DEBUG: LC_ALL=C JX_LOG_LEVEL=error git clean -fd .
DEBUG: ran clean --force -d . in 
DEBUG: LC_ALL=C JX_LOG_LEVEL=error git merge c8715a1f898f42c4e5e858de2d92fcaa8098b0a5
DEBUG: ran git merge c8715a1f898f42c4e5e858de2d92fcaa8098b0a5 in 
DEBUG: LC_ALL=C JX_LOG_LEVEL=error git log --format=%H%x1f%an%x1f%ae%x1f%cn%x1f%ce%x1f%s%n%b%x1e e1a23d766fc9e17c46da50c0cbee464e27cb3bac..HEAD
Merged SHA c8715a1f898f42c4e5e858de2d92fcaa8098b0a5 with commit message 'chore: Promote bdd-spring-1588472526 to version 0.0.1' into base branch master

Showing logs for build [32mcb-kubecd-environment-pr-213-17-b2jv7-1[0m stage [32mfrom-build-pack[0m and container [32mstep-build-helm-build[0m
WARNING: No $CHART_REPOSITORY defined so using the default value of: http://jenkins-x-chartmuseum:8080
Adding missing Helm repo: storage.googleapis.com https://storage.googleapis.com/chartmuseum.jenkins-x.io
WARNING: No secrets found on "helm/repos" due: reading the secret "helm/repos" from vault: no secret "helm/repos" not found in vault
Read credentials for https://storage.googleapis.com/chartmuseum.jenkins-x.io from vault helm/repos
Successfully added Helm repository storage.googleapis.com.
Adding missing Helm repo: jenkins-x-chartmuseum http://jenkins-x-chartmuseum:8080
WARNING: No secrets found on "helm/repos" due: reading the secret "helm/repos" from vault: no secret "helm/repos" not found in vault
Read credentials for http://jenkins-x-chartmuseum:8080 from vault helm/repos
Successfully added Helm repository jenkins-x-chartmuseum.
WARNING: No $CHART_REPOSITORY defined so using the default value of: http://jenkins-x-chartmuseum:8080
Adding missing Helm repo: chartmuseum.jenkins-x.io http://chartmuseum.jenkins-x.io
WARNING: No secrets found on "helm/repos" due: reading the secret "helm/repos" from vault: no secret "helm/repos" not found in vault
Read credentials for http://chartmuseum.jenkins-x.io from vault helm/repos
Successfully added Helm repository chartmuseum.jenkins-x.io.
